[21/Feb/2020:02:17:19] (ℹ️): WordPress Instance Info:
[21/Feb/2020:02:17:19] (ℹ️): Home URL : https://iowakayakanglers.org
[21/Feb/2020:02:17:19] (ℹ️): Site URL : https://iowakayakanglers.org
[21/Feb/2020:02:17:19] (ℹ️): WordPress Version : 5.3.2
[21/Feb/2020:02:17:19] (ℹ️): Onboarding Version : 1.8.2
[21/Feb/2020:02:17:19] (ℹ️): Multisite : No
[21/Feb/2020:02:17:19] (ℹ️): Server Info : Apache
[21/Feb/2020:02:17:19] (ℹ️): PHP Version : 7.0.33
[21/Feb/2020:02:17:19] (ℹ️): HTTPS : Yes
[21/Feb/2020:02:17:19] (ℹ️): PHP Max Execution Time : 30
[21/Feb/2020:02:17:19] (ℹ️): PHP Max Input Vars : 1000
[21/Feb/2020:02:17:19] (ℹ️): Max Upload Size : 268435456
[21/Feb/2020:02:17:19] (ℹ️): Plugins:
[21/Feb/2020:02:17:19] (ℹ️): [PLUGIN] Disable Blog : v0.4.6 (Joshua Nelson)
[21/Feb/2020:02:17:19] (ℹ️): [PLUGIN] Disable Comments : v1.10.2 (Samir Shah)
[21/Feb/2020:02:17:19] (ℹ️): [PLUGIN] Google Analytics for WordPress by MonsterInsights : v7.10.4 (MonsterInsights)
[21/Feb/2020:02:17:19] (ℹ️): [PLUGIN] Jetpack by WordPress.com : v8.2.2 (Automattic)
[21/Feb/2020:02:17:19] (ℹ️): [PLUGIN] MOJO Marketplace : v1.5 (Mike Hansen)
[21/Feb/2020:02:17:19] (ℹ️): [PLUGIN] OptinMonster API : v1.9.6 (OptinMonster Team)
[21/Feb/2020:02:17:19] (ℹ️): [PLUGIN] WooCommerce : v3.9.2 (Automattic)
[21/Feb/2020:02:17:19] (ℹ️): [PLUGIN] WPForms Lite : v1.5.8.2 (WPForms)
